{"D:\\automacao Impacta\\Jest_ContaBancaria\\Jest_ContaBancaria\\dist\\src\\model\\Conta.js": {"path":"D:\\automacao Impacta\\Jest_ContaBancaria\\Jest_ContaBancaria\\dist\\src\\model\\Conta.js","statementMap":{"0":{"start":{"line":2,"column":0},"end":{"line":2,"column":62}},"1":{"start":{"line":3,"column":0},"end":{"line":3,"column":23}},"2":{"start":{"line":6,"column":8},"end":{"line":6,"column":20}},"3":{"start":{"line":9,"column":0},"end":{"line":9,"column":22}}},"fnMap":{"0":{"name":"(anonymous_0)","decl":{"start":{"line":5,"column":4},"end":{"line":5,"column":5}},"loc":{"start":{"line":5,"column":12},"end":{"line":7,"column":5}},"line":5}},"branchMap":{},"s":{"0":1,"1":1,"2":1,"3":1},"f":{"0":1},"b":{},"inputSourceMap":null,"_coverageSchema":"1a1c01bbd47fc00a2c39e90264f33305004495a9","hash":"9e87ee6d378ea6c8154c19a4e44087adf09076e9"}
,"D:\\automacao Impacta\\Jest_ContaBancaria\\Jest_ContaBancaria\\src\\application\\TransferenciaServico.ts": {"path":"D:\\automacao Impacta\\Jest_ContaBancaria\\Jest_ContaBancaria\\src\\application\\TransferenciaServico.ts","statementMap":{"0":{"start":{"line":4,"column":0},"end":{"line":4,"column":73}},"1":{"start":{"line":6,"column":0},"end":{"line":6,"column":51}},"2":{"start":{"line":12,"column":8},"end":{"line":12,"column":40}},"3":{"start":{"line":16,"column":28},"end":{"line":16,"column":75}},"4":{"start":{"line":17,"column":29},"end":{"line":17,"column":77}},"5":{"start":{"line":19,"column":8},"end":{"line":20,"column":68}},"6":{"start":{"line":20,"column":12},"end":{"line":20,"column":68}},"7":{"start":{"line":22,"column":8},"end":{"line":23,"column":69}},"8":{"start":{"line":23,"column":12},"end":{"line":23,"column":69}},"9":{"start":{"line":25,"column":50},"end":{"line":25,"column":74}},"10":{"start":{"line":26,"column":31},"end":{"line":26,"column":93}},"11":{"start":{"line":28,"column":8},"end":{"line":28,"column":49}},"12":{"start":{"line":29,"column":8},"end":{"line":29,"column":50}},"13":{"start":{"line":31,"column":8},"end":{"line":31,"column":29}},"14":{"start":{"line":8,"column":0},"end":{"line":8,"column":13}}},"fnMap":{"0":{"name":"(anonymous_7)","decl":{"start":{"line":11,"column":4},"end":{"line":11,"column":23}},"loc":{"start":{"line":11,"column":62},"end":{"line":13,"column":5}}},"1":{"name":"(anonymous_8)","decl":{"start":{"line":15,"column":17},"end":{"line":15,"column":27}},"loc":{"start":{"line":15,"column":49},"end":{"line":32,"column":null}}}},"branchMap":{"0":{"loc":{"start":{"line":19,"column":8},"end":{"line":20,"column":68}},"type":"if","locations":[{"start":{"line":19,"column":8},"end":{"line":20,"column":68}}]},"1":{"loc":{"start":{"line":22,"column":8},"end":{"line":23,"column":69}},"type":"if","locations":[{"start":{"line":22,"column":8},"end":{"line":23,"column":69}}]}},"s":{"0":2,"1":2,"2":6,"3":6,"4":6,"5":6,"6":2,"7":4,"8":2,"9":2,"10":2,"11":2,"12":2,"13":2,"14":2},"f":{"0":6,"1":6},"b":{"0":[2],"1":[2]}}
,"D:\\automacao Impacta\\Jest_ContaBancaria\\Jest_ContaBancaria\\src\\application\\dto\\TransferenciaDTO.ts": {"path":"D:\\automacao Impacta\\Jest_ContaBancaria\\Jest_ContaBancaria\\src\\application\\dto\\TransferenciaDTO.ts","statementMap":{"0":{"start":{"line":7,"column":8},"end":{"line":7,"column":39}},"1":{"start":{"line":8,"column":8},"end":{"line":8,"column":41}},"2":{"start":{"line":9,"column":8},"end":{"line":9,"column":27}},"3":{"start":{"line":1,"column":0},"end":{"line":1,"column":13}}},"fnMap":{"0":{"name":"(anonymous_0)","decl":{"start":{"line":6,"column":4},"end":{"line":6,"column":23}},"loc":{"start":{"line":6,"column":79},"end":{"line":10,"column":5}}}},"branchMap":{},"s":{"0":6,"1":6,"2":6,"3":2},"f":{"0":6},"b":{}}
,"D:\\automacao Impacta\\Jest_ContaBancaria\\Jest_ContaBancaria\\src\\error\\NegocioErro.ts": {"path":"D:\\automacao Impacta\\Jest_ContaBancaria\\Jest_ContaBancaria\\src\\error\\NegocioErro.ts","statementMap":{"0":{"start":{"line":3,"column":6},"end":{"line":3,"column":21}},"1":{"start":{"line":5,"column":6},"end":{"line":5,"column":57}},"2":{"start":{"line":1,"column":0},"end":{"line":1,"column":13}}},"fnMap":{"0":{"name":"(anonymous_0)","decl":{"start":{"line":2,"column":4},"end":{"line":2,"column":16}},"loc":{"start":{"line":2,"column":31},"end":{"line":6,"column":5}}}},"branchMap":{},"s":{"0":12,"1":12,"2":5},"f":{"0":12},"b":{}}
,"D:\\automacao Impacta\\Jest_ContaBancaria\\Jest_ContaBancaria\\src\\model\\Conta.ts": {"path":"D:\\automacao Impacta\\Jest_ContaBancaria\\Jest_ContaBancaria\\src\\model\\Conta.ts","statementMap":{"0":{"start":{"line":1,"column":0},"end":{"line":1,"column":51}},"1":{"start":{"line":2,"column":0},"end":{"line":2,"column":44}},"2":{"start":{"line":10,"column":10},"end":{"line":10,"column":54}},"3":{"start":{"line":11,"column":10},"end":{"line":11,"column":30}},"4":{"start":{"line":15,"column":8},"end":{"line":15,"column":33}},"5":{"start":{"line":17,"column":8},"end":{"line":18,"column":68}},"6":{"start":{"line":18,"column":10},"end":{"line":18,"column":68}},"7":{"start":{"line":20,"column":8},"end":{"line":20,"column":29}},"8":{"start":{"line":25,"column":6},"end":{"line":25,"column":25}},"9":{"start":{"line":29,"column":6},"end":{"line":29,"column":38}},"10":{"start":{"line":33,"column":8},"end":{"line":33,"column":33}},"11":{"start":{"line":35,"column":8},"end":{"line":35,"column":29}},"12":{"start":{"line":39,"column":8},"end":{"line":40,"column":78}},"13":{"start":{"line":40,"column":10},"end":{"line":40,"column":78}},"14":{"start":{"line":5,"column":4},"end":{"line":5,"column":17}}},"fnMap":{"0":{"name":"(anonymous_0)","decl":{"start":{"line":9,"column":8},"end":{"line":9,"column":27}},"loc":{"start":{"line":9,"column":56},"end":{"line":12,"column":9}}},"1":{"name":"(anonymous_1)","decl":{"start":{"line":14,"column":11},"end":{"line":14,"column":16}},"loc":{"start":{"line":14,"column":30},"end":{"line":21,"column":7}}},"2":{"name":"(anonymous_2)","decl":{"start":{"line":24,"column":4},"end":{"line":24,"column":15}},"loc":{"start":{"line":24,"column":20},"end":{"line":26,"column":5}}},"3":{"name":"(anonymous_3)","decl":{"start":{"line":28,"column":4},"end":{"line":28,"column":15}},"loc":{"start":{"line":28,"column":21},"end":{"line":30,"column":5}}},"4":{"name":"(anonymous_4)","decl":{"start":{"line":32,"column":11},"end":{"line":32,"column":20}},"loc":{"start":{"line":32,"column":34},"end":{"line":36,"column":5}}},"5":{"name":"(anonymous_5)","decl":{"start":{"line":38,"column":12},"end":{"line":38,"column":24}},"loc":{"start":{"line":38,"column":38},"end":{"line":41,"column":7}}}},"branchMap":{"0":{"loc":{"start":{"line":17,"column":8},"end":{"line":18,"column":68}},"type":"if","locations":[{"start":{"line":17,"column":8},"end":{"line":18,"column":68}}]},"1":{"loc":{"start":{"line":39,"column":8},"end":{"line":40,"column":78}},"type":"if","locations":[{"start":{"line":39,"column":8},"end":{"line":40,"column":78}}]}},"s":{"0":4,"1":4,"2":21,"3":21,"4":7,"5":5,"6":1,"7":4,"8":8,"9":16,"10":6,"11":4,"12":13,"13":4,"14":4},"f":{"0":21,"1":7,"2":8,"3":16,"4":6,"5":13},"b":{"0":[1],"1":[4]}}
,"D:\\automacao Impacta\\Jest_ContaBancaria\\Jest_ContaBancaria\\src\\model\\NumeroConta.ts": {"path":"D:\\automacao Impacta\\Jest_ContaBancaria\\Jest_ContaBancaria\\src\\model\\NumeroConta.ts","statementMap":{"0":{"start":{"line":1,"column":0},"end":{"line":1,"column":51}},"1":{"start":{"line":7,"column":8},"end":{"line":7,"column":29}},"2":{"start":{"line":8,"column":8},"end":{"line":8,"column":30}},"3":{"start":{"line":12,"column":8},"end":{"line":14,"column":9}},"4":{"start":{"line":13,"column":12},"end":{"line":13,"column":62}},"5":{"start":{"line":18,"column":31},"end":{"line":18,"column":40}},"6":{"start":{"line":19,"column":8},"end":{"line":19,"column":35}},"7":{"start":{"line":23,"column":8},"end":{"line":23,"column":28}},"8":{"start":{"line":3,"column":0},"end":{"line":3,"column":13}}},"fnMap":{"0":{"name":"(anonymous_0)","decl":{"start":{"line":6,"column":4},"end":{"line":6,"column":23}},"loc":{"start":{"line":6,"column":37},"end":{"line":9,"column":5}}},"1":{"name":"(anonymous_1)","decl":{"start":{"line":11,"column":12},"end":{"line":11,"column":19}},"loc":{"start":{"line":11,"column":34},"end":{"line":15,"column":5}}},"2":{"name":"(anonymous_2)","decl":{"start":{"line":17,"column":12},"end":{"line":17,"column":26}},"loc":{"start":{"line":17,"column":41},"end":{"line":20,"column":5}}},"3":{"name":"(anonymous_3)","decl":{"start":{"line":22,"column":4},"end":{"line":22,"column":15}},"loc":{"start":{"line":22,"column":21},"end":{"line":24,"column":5}}}},"branchMap":{"0":{"loc":{"start":{"line":12,"column":8},"end":{"line":14,"column":9}},"type":"if","locations":[{"start":{"line":12,"column":8},"end":{"line":14,"column":9}}]}},"s":{"0":5,"1":25,"2":22,"3":25,"4":3,"5":25,"6":25,"7":18,"8":5},"f":{"0":25,"1":25,"2":25,"3":18},"b":{"0":[3]}}
,"D:\\automacao Impacta\\Jest_ContaBancaria\\Jest_ContaBancaria\\src\\model\\Recibo.ts": {"path":"D:\\automacao Impacta\\Jest_ContaBancaria\\Jest_ContaBancaria\\src\\model\\Recibo.ts","statementMap":{"0":{"start":{"line":5,"column":8},"end":{"line":5,"column":42}},"1":{"start":{"line":9,"column":8},"end":{"line":9,"column":28}},"2":{"start":{"line":13,"column":8},"end":{"line":13,"column":66}},"3":{"start":{"line":1,"column":0},"end":{"line":1,"column":13}}},"fnMap":{"0":{"name":"(anonymous_0)","decl":{"start":{"line":4,"column":4},"end":{"line":4,"column":null}},"loc":{"start":{"line":4,"column":4},"end":{"line":6,"column":5}}},"1":{"name":"(anonymous_1)","decl":{"start":{"line":8,"column":4},"end":{"line":8,"column":15}},"loc":{"start":{"line":8,"column":21},"end":{"line":10,"column":5}}},"2":{"name":"(anonymous_2)","decl":{"start":{"line":12,"column":12},"end":{"line":12,"column":23}},"loc":{"start":{"line":12,"column":23},"end":{"line":14,"column":5}}}},"branchMap":{},"s":{"0":4,"1":4,"2":4,"3":4},"f":{"0":4,"1":4,"2":4},"b":{}}
,"D:\\automacao Impacta\\Jest_ContaBancaria\\Jest_ContaBancaria\\src\\model\\service\\TransferenciaValor.ts": {"path":"D:\\automacao Impacta\\Jest_ContaBancaria\\Jest_ContaBancaria\\src\\model\\service\\TransferenciaValor.ts","statementMap":{"0":{"start":{"line":2,"column":0},"end":{"line":2,"column":35}},"1":{"start":{"line":6,"column":8},"end":{"line":6,"column":33}},"2":{"start":{"line":7,"column":8},"end":{"line":7,"column":38}},"3":{"start":{"line":8,"column":8},"end":{"line":8,"column":28}},"4":{"start":{"line":4,"column":0},"end":{"line":4,"column":13}}},"fnMap":{"0":{"name":"(anonymous_0)","decl":{"start":{"line":5,"column":11},"end":{"line":5,"column":21}},"loc":{"start":{"line":5,"column":76},"end":{"line":9,"column":5}}}},"branchMap":{},"s":{"0":3,"1":3,"2":3,"3":3,"4":3},"f":{"0":3},"b":{}}
}
