TN:
SF:dist\src\model\Conta.js
FN:5,(anonymous_0)
FNF:1
FNH:1
FNDA:1,(anonymous_0)
DA:2,1
DA:3,1
DA:6,1
DA:9,1
LF:4
LH:4
BRF:0
BRH:0
end_of_record
TN:
SF:src\application\TransferenciaServico.ts
FN:11,(anonymous_7)
FN:15,(anonymous_8)
FNF:2
FNH:2
FNDA:6,(anonymous_7)
FNDA:6,(anonymous_8)
DA:4,2
DA:6,2
DA:8,2
DA:12,6
DA:16,6
DA:17,6
DA:19,6
DA:20,2
DA:22,4
DA:23,2
DA:25,2
DA:26,2
DA:28,2
DA:29,2
DA:31,2
LF:15
LH:15
BRDA:19,0,0,2
BRDA:22,1,0,2
BRF:2
BRH:2
end_of_record
TN:
SF:src\application\dto\TransferenciaDTO.ts
FN:6,(anonymous_0)
FNF:1
FNH:1
FNDA:6,(anonymous_0)
DA:1,2
DA:7,6
DA:8,6
DA:9,6
LF:4
LH:4
BRF:0
BRH:0
end_of_record
TN:
SF:src\error\NegocioErro.ts
FN:2,(anonymous_0)
FNF:1
FNH:1
FNDA:12,(anonymous_0)
DA:1,5
DA:3,12
DA:5,12
LF:3
LH:3
BRF:0
BRH:0
end_of_record
TN:
SF:src\model\Conta.ts
FN:9,(anonymous_0)
FN:14,(anonymous_1)
FN:24,(anonymous_2)
FN:28,(anonymous_3)
FN:32,(anonymous_4)
FN:38,(anonymous_5)
FNF:6
FNH:6
FNDA:21,(anonymous_0)
FNDA:7,(anonymous_1)
FNDA:8,(anonymous_2)
FNDA:16,(anonymous_3)
FNDA:6,(anonymous_4)
FNDA:13,(anonymous_5)
DA:1,4
DA:2,4
DA:5,4
DA:10,21
DA:11,21
DA:15,7
DA:17,5
DA:18,1
DA:20,4
DA:25,8
DA:29,16
DA:33,6
DA:35,4
DA:39,13
DA:40,4
LF:15
LH:15
BRDA:17,0,0,1
BRDA:39,1,0,4
BRF:2
BRH:2
end_of_record
TN:
SF:src\model\NumeroConta.ts
FN:6,(anonymous_0)
FN:11,(anonymous_1)
FN:17,(anonymous_2)
FN:22,(anonymous_3)
FNF:4
FNH:4
FNDA:25,(anonymous_0)
FNDA:25,(anonymous_1)
FNDA:25,(anonymous_2)
FNDA:18,(anonymous_3)
DA:1,5
DA:3,5
DA:7,25
DA:8,22
DA:12,25
DA:13,3
DA:18,25
DA:19,25
DA:23,18
LF:9
LH:9
BRDA:12,0,0,3
BRF:1
BRH:1
end_of_record
TN:
SF:src\model\Recibo.ts
FN:4,(anonymous_0)
FN:8,(anonymous_1)
FN:12,(anonymous_2)
FNF:3
FNH:3
FNDA:4,(anonymous_0)
FNDA:4,(anonymous_1)
FNDA:4,(anonymous_2)
DA:1,4
DA:5,4
DA:9,4
DA:13,4
LF:4
LH:4
BRF:0
BRH:0
end_of_record
TN:
SF:src\model\service\TransferenciaValor.ts
FN:5,(anonymous_0)
FNF:1
FNH:1
FNDA:3,(anonymous_0)
DA:2,3
DA:4,3
DA:6,3
DA:7,3
DA:8,3
LF:5
LH:5
BRF:0
BRH:0
end_of_record
